d:\users\a.faure\desktop\prog\runner\prog\main-project\projet runner\sfml\release\vc142.pdb
c:\users\celia\desktop\github\verdict\main project\sfml\release\vc142.pdb
c:\users\celia\desktop\github\verdict\main project\sfml\release\options.obj
c:\users\celia\desktop\github\verdict\main project\sfml\release\openleveleditor.obj
c:\users\celia\desktop\github\verdict\main project\sfml\release\oilflake.obj
c:\users\celia\desktop\github\verdict\main project\sfml\release\missile.obj
c:\users\celia\desktop\github\verdict\main project\sfml\release\menu.obj
c:\users\celia\desktop\github\verdict\main project\sfml\release\map.obj
c:\users\celia\desktop\github\verdict\main project\sfml\release\jeu.obj
c:\users\celia\desktop\github\verdict\main project\sfml\release\main.obj
c:\users\celia\desktop\github\verdict\main project\sfml\release\level_finished.obj
c:\users\celia\desktop\github\verdict\main project\sfml\release\levelselector.obj
c:\users\celia\desktop\github\verdict\main project\sfml\release\leveleditor.obj
c:\users\celia\desktop\github\verdict\main project\sfml\release\hudeditor.obj
c:\users\celia\desktop\github\verdict\main project\sfml\release\hud.obj
c:\users\celia\desktop\github\verdict\main project\sfml\release\gamemanager.obj
c:\users\celia\desktop\github\verdict\main project\sfml\release\credits.obj
c:\users\celia\desktop\github\verdict\main project\sfml\release\commandes.obj
c:\users\celia\desktop\github\verdict\main project\sfml\release\collects.obj
c:\users\celia\desktop\github\verdict\main project\sfml\release\chooseleveleditor.obj
c:\users\celia\desktop\github\verdict\main project\sfml\release\chargement.obj
c:\users\celia\desktop\github\verdict\main project\sfml\release\caméra.obj
c:\users\celia\desktop\github\verdict\main project\sfml\release\transition.obj
c:\users\celia\desktop\github\verdict\main project\sfml\release\timerstart.obj
c:\users\celia\desktop\github\verdict\main project\sfml\release\sizeeditor.obj
c:\users\celia\desktop\github\verdict\main project\sfml\release\shockwave.obj
c:\users\celia\desktop\github\verdict\main project\sfml\release\scene.obj
c:\users\celia\desktop\github\verdict\main project\sfml\release\saveeditor.obj
c:\users\celia\desktop\github\verdict\main project\sfml\release\resourcemanager.obj
c:\users\celia\desktop\github\verdict\main project\sfml\release\playerselector.obj
c:\users\celia\desktop\github\verdict\main project\sfml\release\player.obj
c:\users\celia\desktop\github\verdict\main project\sfml\release\smoke.obj
c:\users\celia\desktop\github\verdict\main project\sfml\release\rocket.obj
d:\users\a.faure\desktop\prog\runner\prog\main-project\projet runner\release\sfml.exe
d:\users\a.faure\desktop\prog\runner\prog\main-project\projet runner\release\sfml.pdb
c:\users\celia\desktop\github\verdict\main project\release\sfml.exe
c:\users\celia\desktop\github\verdict\main project\release\sfml.pdb
d:\users\a.faure\desktop\prog\runner\prog\main-project\projet runner\release\sfml.ipdb
d:\users\a.faure\desktop\prog\runner\prog\main-project\projet runner\release\sfml.iobj
c:\users\celia\desktop\github\verdict\main project\release\sfml.ipdb
c:\users\celia\desktop\github\verdict\main project\release\sfml.iobj
c:\users\celia\desktop\github\verdict\main project\sfml\release\sfml.tlog\cl.command.1.tlog
c:\users\celia\desktop\github\verdict\main project\sfml\release\sfml.tlog\cl.read.1.tlog
c:\users\celia\desktop\github\verdict\main project\sfml\release\sfml.tlog\cl.write.1.tlog
c:\users\celia\desktop\github\verdict\main project\sfml\release\sfml.tlog\link.command.1.tlog
c:\users\celia\desktop\github\verdict\main project\sfml\release\sfml.tlog\link.delete.1.tlog
c:\users\celia\desktop\github\verdict\main project\sfml\release\sfml.tlog\link.read.1.tlog
c:\users\celia\desktop\github\verdict\main project\sfml\release\sfml.tlog\link.write.1.tlog
c:\users\celia\desktop\github\verdict\main project\sfml\release\sfml.tlog\sfml.write.1u.tlog
