  Caméra.cpp
C:\Users\celia\Desktop\Github\Verdict\Main project\SFML\Caméra.cpp(15): warning C4305: 'argument' : troncation de 'double' à 'float'
  Chargement.cpp
C:\Users\celia\Desktop\Github\Verdict\Main project\SFML\Chargement.cpp(54): warning C4305: 'argument' : troncation de 'double' à 'T'
          with
          [
              T=float
          ]
  ChooseLevelEditor.cpp
C:\Users\celia\Desktop\Github\Verdict\Main project\SFML\ChooseLevelEditor.cpp(16): warning C4244: 'argument' : conversion de 'int' en 'float', perte possible de données
C:\Users\celia\Desktop\Github\Verdict\Main project\SFML\ChooseLevelEditor.cpp(21): warning C4244: 'argument' : conversion de 'int' en 'float', perte possible de données
  Collects.cpp
  Commandes.cpp
  Credits.cpp
  GameManager.cpp
  HUD.cpp
  HudEditor.cpp
C:\Users\celia\Desktop\Github\Verdict\Main project\SFML\HudEditor.cpp(21): warning C4305: 'argument' : troncation de 'double' à 'T'
          with
          [
              T=float
          ]
C:\Users\celia\Desktop\Github\Verdict\Main project\SFML\HudEditor.cpp(35): warning C4305: 'argument' : troncation de 'double' à 'float'
C:\Users\celia\Desktop\Github\Verdict\Main project\SFML\HudEditor.cpp(57): warning C4305: 'argument' : troncation de 'double' à 'float'
C:\Users\celia\Desktop\Github\Verdict\Main project\SFML\HudEditor.cpp(60): warning C4305: 'argument' : troncation de 'double' à 'float'
C:\Users\celia\Desktop\Github\Verdict\Main project\SFML\HudEditor.cpp(63): warning C4305: 'argument' : troncation de 'double' à 'float'
C:\Users\celia\Desktop\Github\Verdict\Main project\SFML\HudEditor.cpp(87): warning C4244: 'argument' : conversion de 'int' en 'float', perte possible de données
C:\Users\celia\Desktop\Github\Verdict\Main project\SFML\HudEditor.cpp(89): warning C4244: 'argument' : conversion de 'int' en 'float', perte possible de données
C:\Users\celia\Desktop\Github\Verdict\Main project\SFML\HudEditor.cpp(91): warning C4244: 'argument' : conversion de 'int' en 'float', perte possible de données
C:\Users\celia\Desktop\Github\Verdict\Main project\SFML\HudEditor.cpp(92): warning C4244: 'argument' : conversion de 'int' en 'float', perte possible de données
C:\Users\celia\Desktop\Github\Verdict\Main project\SFML\HudEditor.cpp(93): warning C4244: 'argument' : conversion de 'int' en 'float', perte possible de données
C:\Users\celia\Desktop\Github\Verdict\Main project\SFML\HudEditor.cpp(99): warning C4244: 'argument' : conversion de 'int' en 'float', perte possible de données
C:\Users\celia\Desktop\Github\Verdict\Main project\SFML\HudEditor.cpp(101): warning C4244: 'argument' : conversion de 'int' en 'float', perte possible de données
  LevelEditor.cpp
C:\Users\celia\Desktop\Github\Verdict\Main project\SFML\LevelEditor.cpp(29): warning C4244: 'argument' : conversion de 'T' en 'float', perte possible de données
          with
          [
              T=unsigned int
          ]
C:\Users\celia\Desktop\Github\Verdict\Main project\SFML\LevelEditor.cpp(116): warning C4305: 'argument' : troncation de 'double' à 'float'
C:\Users\celia\Desktop\Github\Verdict\Main project\SFML\LevelEditor.cpp(117): warning C4305: 'argument' : troncation de 'double' à 'float'
C:\Users\celia\Desktop\Github\Verdict\Main project\SFML\LevelEditor.cpp(569): warning C4305: 'argument' : troncation de 'double' à 'float'
C:\Users\celia\Desktop\Github\Verdict\Main project\SFML\LevelEditor.cpp(573): warning C4305: 'argument' : troncation de 'double' à 'float'
C:\Users\celia\Desktop\Github\Verdict\Main project\SFML\LevelEditor.cpp(606): warning C4244: 'initialisation' : conversion de 'T' en 'int', perte possible de données
          with
          [
              T=float
          ]
C:\Users\celia\Desktop\Github\Verdict\Main project\SFML\LevelEditor.cpp(815): warning C4244: 'argument' : conversion de 'int' en 'float', perte possible de données
C:\Users\celia\Desktop\Github\Verdict\Main project\SFML\LevelEditor.cpp(821): warning C4244: 'argument' : conversion de 'int' en 'float', perte possible de données
C:\Users\celia\Desktop\Github\Verdict\Main project\SFML\LevelEditor.cpp(830): warning C4244: 'argument' : conversion de 'int' en 'float', perte possible de données
C:\Users\celia\Desktop\Github\Verdict\Main project\SFML\LevelEditor.cpp(836): warning C4244: 'argument' : conversion de 'int' en 'float', perte possible de données
C:\Users\celia\Desktop\Github\Verdict\Main project\SFML\LevelEditor.cpp(845): warning C4244: 'argument' : conversion de 'int' en 'float', perte possible de données
C:\Users\celia\Desktop\Github\Verdict\Main project\SFML\LevelEditor.cpp(851): warning C4244: 'argument' : conversion de 'int' en 'float', perte possible de données
C:\Users\celia\Desktop\Github\Verdict\Main project\SFML\LevelEditor.cpp(860): warning C4244: 'argument' : conversion de 'int' en 'float', perte possible de données
C:\Users\celia\Desktop\Github\Verdict\Main project\SFML\LevelEditor.cpp(866): warning C4244: 'argument' : conversion de 'int' en 'float', perte possible de données
C:\Users\celia\Desktop\Github\Verdict\Main project\SFML\LevelEditor.cpp(875): warning C4244: 'argument' : conversion de 'int' en 'float', perte possible de données
C:\Users\celia\Desktop\Github\Verdict\Main project\SFML\LevelEditor.cpp(881): warning C4244: 'argument' : conversion de 'int' en 'float', perte possible de données
C:\Users\celia\Desktop\Github\Verdict\Main project\SFML\LevelEditor.cpp(890): warning C4244: 'argument' : conversion de 'int' en 'float', perte possible de données
C:\Users\celia\Desktop\Github\Verdict\Main project\SFML\LevelEditor.cpp(896): warning C4244: 'argument' : conversion de 'int' en 'float', perte possible de données
C:\Users\celia\Desktop\Github\Verdict\Main project\SFML\LevelEditor.cpp(905): warning C4244: 'argument' : conversion de 'int' en 'float', perte possible de données
C:\Users\celia\Desktop\Github\Verdict\Main project\SFML\LevelEditor.cpp(911): warning C4244: 'argument' : conversion de 'int' en 'float', perte possible de données
C:\Users\celia\Desktop\Github\Verdict\Main project\SFML\LevelEditor.cpp(920): warning C4244: 'argument' : conversion de 'int' en 'float', perte possible de données
C:\Users\celia\Desktop\Github\Verdict\Main project\SFML\LevelEditor.cpp(926): warning C4244: 'argument' : conversion de 'int' en 'float', perte possible de données
  LevelSelector.cpp
C:\Users\celia\Desktop\Github\Verdict\Main project\SFML\LevelSelector.cpp(62): warning C4018: '<' : incompatibilité signed/unsigned
C:\Users\celia\Desktop\Github\Verdict\Main project\SFML\LevelSelector.cpp(95): warning C4244: 'argument' : conversion de 'int' en 'float', perte possible de données
C:\Users\celia\Desktop\Github\Verdict\Main project\SFML\LevelSelector.cpp(98): warning C4244: 'argument' : conversion de 'int' en 'float', perte possible de données
  Level_Finished.cpp
C:\Users\celia\Desktop\Github\Verdict\Main project\SFML\Level_Finished.cpp(79): warning C4244: 'argument' : conversion de 'int' en 'float', perte possible de données
  main.cpp
  Jeu.cpp
C:\Users\celia\Desktop\Github\Verdict\Main project\SFML\Jeu.cpp(147): warning C4018: '<' : incompatibilité signed/unsigned
C:\Users\celia\Desktop\Github\Verdict\Main project\SFML\Jeu.cpp(282): warning C4018: '<' : incompatibilité signed/unsigned
  Map.cpp
C:\Users\celia\Desktop\Github\Verdict\Main project\SFML\Map.cpp(352): warning C4018: '<' : incompatibilité signed/unsigned
C:\Users\celia\Desktop\Github\Verdict\Main project\SFML\Map.cpp(354): warning C4018: '<' : incompatibilité signed/unsigned
C:\Users\celia\Desktop\Github\Verdict\Main project\SFML\Map.cpp(382): warning C4244: 'initialisation' : conversion de 'T' en 'int', perte possible de données
          with
          [
              T=float
          ]
C:\Users\celia\Desktop\Github\Verdict\Main project\SFML\Map.cpp(384): warning C4244: 'initialisation' : conversion de 'T' en 'int', perte possible de données
          with
          [
              T=float
          ]
  Menu.cpp
C:\Users\celia\Desktop\Github\Verdict\Main project\SFML\Menu.cpp(56): warning C4244: 'argument' : conversion de 'int' en 'float', perte possible de données
  Oilflake.cpp
  OpenLevelEditor.cpp
C:\Users\celia\Desktop\Github\Verdict\Main project\SFML\OpenLevelEditor.cpp(97): warning C4018: '<' : incompatibilité signed/unsigned
C:\Users\celia\Desktop\Github\Verdict\Main project\SFML\OpenLevelEditor.cpp(162): warning C4244: 'argument' : conversion de 'int' en 'float', perte possible de données
C:\Users\celia\Desktop\Github\Verdict\Main project\SFML\OpenLevelEditor.cpp(165): warning C4244: 'argument' : conversion de 'int' en 'float', perte possible de données
  Options.cpp
C:\Users\celia\Desktop\Github\Verdict\Main project\SFML\Options.cpp(20): warning C4244: 'argument' : conversion de 'int' en 'float', perte possible de données
C:\Users\celia\Desktop\Github\Verdict\Main project\SFML\Options.cpp(27): warning C4244: 'argument' : conversion de 'int' en 'float', perte possible de données
C:\Users\celia\Desktop\Github\Verdict\Main project\SFML\Options.cpp(31): warning C4244: 'argument' : conversion de 'int' en 'float', perte possible de données
  Player.cpp
C:\Users\celia\Desktop\Github\Verdict\Main project\SFML\Player.cpp(19): warning C4244: 'argument' : conversion de 'int' en 'float', perte possible de données
C:\Users\celia\Desktop\Github\Verdict\Main project\SFML\Player.cpp(22): warning C4244: '=' : conversion de 'double' en 'T', perte possible de données
          with
          [
              T=float
          ]
C:\Users\celia\Desktop\Github\Verdict\Main project\SFML\Player.cpp(23): warning C4244: '=' : conversion de 'double' en 'T', perte possible de données
          with
          [
              T=float
          ]
C:\Users\celia\Desktop\Github\Verdict\Main project\SFML\Player.cpp(36): warning C4244: 'argument' : conversion de 'int' en 'float', perte possible de données
C:\Users\celia\Desktop\Github\Verdict\Main project\SFML\Player.cpp(39): warning C4244: '=' : conversion de 'double' en 'T', perte possible de données
          with
          [
              T=float
          ]
C:\Users\celia\Desktop\Github\Verdict\Main project\SFML\Player.cpp(40): warning C4244: '=' : conversion de 'double' en 'T', perte possible de données
          with
          [
              T=float
          ]
C:\Users\celia\Desktop\Github\Verdict\Main project\SFML\Player.cpp(102): warning C4244: 'argument' : conversion de 'T' en 'int', perte possible de données
          with
          [
              T=float
          ]
C:\Users\celia\Desktop\Github\Verdict\Main project\SFML\Player.cpp(147): warning C4244: 'argument' : conversion de 'T' en 'int', perte possible de données
          with
          [
              T=float
          ]
C:\Users\celia\Desktop\Github\Verdict\Main project\SFML\Player.cpp(153): warning C4244: 'argument' : conversion de 'T' en 'int', perte possible de données
          with
          [
              T=float
          ]
C:\Users\celia\Desktop\Github\Verdict\Main project\SFML\Player.cpp(158): warning C4244: 'argument' : conversion de 'T' en 'int', perte possible de données
          with
          [
              T=float
          ]
C:\Users\celia\Desktop\Github\Verdict\Main project\SFML\Player.cpp(163): warning C4244: 'argument' : conversion de 'T' en 'int', perte possible de données
          with
          [
              T=float
          ]
C:\Users\celia\Desktop\Github\Verdict\Main project\SFML\Player.cpp(164): warning C4244: 'argument' : conversion de 'T' en 'int', perte possible de données
          with
          [
              T=float
          ]
C:\Users\celia\Desktop\Github\Verdict\Main project\SFML\Player.cpp(166): warning C4305: '+=' : troncation de 'double' à 'T'
          with
          [
              T=float
          ]
C:\Users\celia\Desktop\Github\Verdict\Main project\SFML\Player.cpp(169): warning C4244: 'argument' : conversion de 'T' en 'int', perte possible de données
          with
          [
              T=float
          ]
C:\Users\celia\Desktop\Github\Verdict\Main project\SFML\Player.cpp(180): warning C4244: 'argument' : conversion de 'T' en 'int', perte possible de données
          with
          [
              T=float
          ]
C:\Users\celia\Desktop\Github\Verdict\Main project\SFML\Player.cpp(190): warning C4244: 'argument' : conversion de 'T' en 'int', perte possible de données
          with
          [
              T=float
          ]
C:\Users\celia\Desktop\Github\Verdict\Main project\SFML\Player.cpp(203): warning C4244: 'argument' : conversion de 'T' en 'int', perte possible de données
          with
          [
              T=float
          ]
C:\Users\celia\Desktop\Github\Verdict\Main project\SFML\Player.cpp(208): warning C4244: 'argument' : conversion de 'T' en 'int', perte possible de données
          with
          [
              T=float
          ]
C:\Users\celia\Desktop\Github\Verdict\Main project\SFML\Player.cpp(212): warning C4244: 'argument' : conversion de 'T' en 'int', perte possible de données
          with
          [
              T=float
          ]
C:\Users\celia\Desktop\Github\Verdict\Main project\SFML\Player.cpp(221): warning C4244: 'argument' : conversion de 'T' en 'int', perte possible de données
          with
          [
              T=float
          ]
C:\Users\celia\Desktop\Github\Verdict\Main project\SFML\Player.cpp(245): warning C4244: 'argument' : conversion de 'T' en 'int', perte possible de données
          with
          [
              T=float
          ]
C:\Users\celia\Desktop\Github\Verdict\Main project\SFML\Player.cpp(249): warning C4244: 'argument' : conversion de 'T' en 'int', perte possible de données
          with
          [
              T=float
          ]
C:\Users\celia\Desktop\Github\Verdict\Main project\SFML\Player.cpp(261): warning C4244: 'argument' : conversion de 'T' en 'int', perte possible de données
          with
          [
              T=float
          ]
C:\Users\celia\Desktop\Github\Verdict\Main project\SFML\Player.cpp(267): warning C4244: 'argument' : conversion de 'T' en 'int', perte possible de données
          with
          [
              T=float
          ]
C:\Users\celia\Desktop\Github\Verdict\Main project\SFML\Player.cpp(277): warning C4244: 'argument' : conversion de 'T' en 'int', perte possible de données
          with
          [
              T=float
          ]
C:\Users\celia\Desktop\Github\Verdict\Main project\SFML\Player.cpp(283): warning C4244: 'argument' : conversion de 'T' en 'int', perte possible de données
          with
          [
              T=float
          ]
C:\Users\celia\Desktop\Github\Verdict\Main project\SFML\Player.cpp(128): warning C4390: ';' : une instruction contrôlée a été trouvée vide ; est-ce ce que vous souhaitiez ?
C:\Users\celia\Desktop\Github\Verdict\Main project\SFML\Player.cpp(305): warning C4244: 'argument' : conversion de 'T' en 'int', perte possible de données
          with
          [
              T=float
          ]
C:\Users\celia\Desktop\Github\Verdict\Main project\SFML\Player.cpp(309): warning C4244: 'argument' : conversion de 'T' en 'int', perte possible de données
          with
          [
              T=float
          ]
C:\Users\celia\Desktop\Github\Verdict\Main project\SFML\Player.cpp(311): warning C4244: 'argument' : conversion de 'T' en 'int', perte possible de données
          with
          [
              T=float
          ]
C:\Users\celia\Desktop\Github\Verdict\Main project\SFML\Player.cpp(317): warning C4244: 'argument' : conversion de 'T' en 'int', perte possible de données
          with
          [
              T=float
          ]
C:\Users\celia\Desktop\Github\Verdict\Main project\SFML\Player.cpp(457): warning C4244: '=' : conversion de 'T' en 'int', perte possible de données
          with
          [
              T=float
          ]
C:\Users\celia\Desktop\Github\Verdict\Main project\SFML\Player.cpp(506): warning C4244: 'argument' : conversion de 'time_t' en 'unsigned int', perte possible de données
C:\Users\celia\Desktop\Github\Verdict\Main project\SFML\Player.cpp(508): warning C4244: 'argument' : conversion de 'T' en 'int', perte possible de données
          with
          [
              T=float
          ]
C:\Users\celia\Desktop\Github\Verdict\Main project\SFML\Player.cpp(510): warning C4244: 'argument' : conversion de 'T' en 'int', perte possible de données
          with
          [
              T=float
          ]
C:\Users\celia\Desktop\Github\Verdict\Main project\SFML\Player.cpp(558): warning C4244: '=' : conversion de 'double' en 'float', perte possible de données
  Compilation en cours...
  PlayerSelector.cpp
  ResourceManager.cpp
C:\Users\celia\Desktop\Github\Verdict\Main project\SFML\ResourceManager.cpp(348): warning C4018: '<' : incompatibilité signed/unsigned
C:\Users\celia\Desktop\Github\Verdict\Main project\SFML\ResourceManager.cpp(362): warning C4018: '<' : incompatibilité signed/unsigned
C:\Users\celia\Desktop\Github\Verdict\Main project\SFML\ResourceManager.cpp(382): warning C4244: 'return' : conversion de 'unsigned int' en 'float', perte possible de données
  Rocket.cpp
C:\Users\celia\Desktop\Github\Verdict\Main project\SFML\Rocket.cpp(48): warning C4018: '<' : incompatibilité signed/unsigned
C:\Users\celia\Desktop\Github\Verdict\Main project\SFML\Rocket.cpp(73): warning C4244: 'argument' : conversion de 'const T' en 'int', perte possible de données
          with
          [
              T=float
          ]
C:\Users\celia\Desktop\Github\Verdict\Main project\SFML\Rocket.cpp(79): warning C4018: '<' : incompatibilité signed/unsigned
  SaveEditor.cpp
C:\Users\celia\Desktop\Github\Verdict\Main project\SFML\SaveEditor.cpp(75): warning C4244: 'argument' : conversion de 'int' en 'float', perte possible de données
  Scene.cpp
  Shockwave.cpp
  SizeEditor.cpp
C:\Users\celia\Desktop\Github\Verdict\Main project\SFML\SizeEditor.cpp(20): warning C4305: 'argument' : troncation de 'double' à 'float'
C:\Users\celia\Desktop\Github\Verdict\Main project\SFML\SizeEditor.cpp(42): warning C4305: 'argument' : troncation de 'double' à 'float'
C:\Users\celia\Desktop\Github\Verdict\Main project\SFML\SizeEditor.cpp(43): warning C4244: 'argument' : conversion de 'int' en 'float', perte possible de données
C:\Users\celia\Desktop\Github\Verdict\Main project\SFML\SizeEditor.cpp(51): warning C4244: 'argument' : conversion de 'int' en 'float', perte possible de données
  Smoke.cpp
C:\Users\celia\Desktop\Github\Verdict\Main project\SFML\Smoke.cpp(21): warning C4244: '-=' : conversion de 'float' en 'sf::Uint8', perte possible de données
  TimerStart.cpp
  Transition.cpp
  Génération de code en cours
  Previous IPDB not found, fall back to full compilation.
C:\Users\celia\Desktop\Github\Verdict\Main project\SFML\Map.cpp(395): warning C4715: 'Map::GetNextTile' : les chemins de contrôle ne retournent pas tous une valeur
C:\Users\celia\Desktop\Github\Verdict\Main project\SFML\Map.cpp(332): warning C4715: 'Map::GetStartPos' : les chemins de contrôle ne retournent pas tous une valeur
C:\Users\celia\Desktop\Github\Verdict\Main project\SFML\Map.cpp(378): warning C4715: 'Map::GetCheckPoint' : les chemins de contrôle ne retournent pas tous une valeur
  All 950 functions were compiled because no usable IPDB/IOBJ from previous compilation was found.
  Fin de la génération du code
  SFML.vcxproj -> C:\Users\celia\Desktop\Github\Verdict\Main project\Release\SFML.exe
