  Bumper.cpp
D:\Users\c.bourgues\Desktop\Runner\Main project\SFML\Caméra.h(80,21): warning C4305:  'initialisation' : troncation de 'double' à 'float'
D:\Users\c.bourgues\Desktop\Runner\Main project\SFML\Bumper.cpp(34,58): warning C4244:  '+=' : conversion de 'double' en 'T', perte possible de données
D:\Users\c.bourgues\Desktop\Runner\Main project\SFML\Bumper.cpp(34,58): warning C4244:         with
D:\Users\c.bourgues\Desktop\Runner\Main project\SFML\Bumper.cpp(34,58): warning C4244:         [
D:\Users\c.bourgues\Desktop\Runner\Main project\SFML\Bumper.cpp(34,58): warning C4244:             T=float
D:\Users\c.bourgues\Desktop\Runner\Main project\SFML\Bumper.cpp(34,58): warning C4244:         ]
D:\Users\c.bourgues\Desktop\Runner\Main project\SFML\Bumper.cpp(40,70): warning C4244:  'argument' : conversion de 'const T' en 'int', perte possible de données
D:\Users\c.bourgues\Desktop\Runner\Main project\SFML\Bumper.cpp(40,70): warning C4244:         with
D:\Users\c.bourgues\Desktop\Runner\Main project\SFML\Bumper.cpp(40,70): warning C4244:         [
D:\Users\c.bourgues\Desktop\Runner\Main project\SFML\Bumper.cpp(40,70): warning C4244:             T=float
D:\Users\c.bourgues\Desktop\Runner\Main project\SFML\Bumper.cpp(40,70): warning C4244:         ]
D:\Users\c.bourgues\Desktop\Runner\Main project\SFML\Bumper.cpp(40,44): warning C4244:  'argument' : conversion de 'const T' en 'int', perte possible de données
D:\Users\c.bourgues\Desktop\Runner\Main project\SFML\Bumper.cpp(40,44): warning C4244:         with
D:\Users\c.bourgues\Desktop\Runner\Main project\SFML\Bumper.cpp(40,44): warning C4244:         [
D:\Users\c.bourgues\Desktop\Runner\Main project\SFML\Bumper.cpp(40,44): warning C4244:             T=float
D:\Users\c.bourgues\Desktop\Runner\Main project\SFML\Bumper.cpp(40,44): warning C4244:         ]
D:\Users\c.bourgues\Desktop\Runner\Main project\SFML\Bumper.cpp(47,69): warning C4244:  'argument' : conversion de 'const T' en 'int', perte possible de données
D:\Users\c.bourgues\Desktop\Runner\Main project\SFML\Bumper.cpp(47,69): warning C4244:         with
D:\Users\c.bourgues\Desktop\Runner\Main project\SFML\Bumper.cpp(47,69): warning C4244:         [
D:\Users\c.bourgues\Desktop\Runner\Main project\SFML\Bumper.cpp(47,69): warning C4244:             T=float
D:\Users\c.bourgues\Desktop\Runner\Main project\SFML\Bumper.cpp(47,69): warning C4244:         ]
D:\Users\c.bourgues\Desktop\Runner\Main project\SFML\Bumper.cpp(47,43): warning C4244:  'argument' : conversion de 'const T' en 'int', perte possible de données
D:\Users\c.bourgues\Desktop\Runner\Main project\SFML\Bumper.cpp(47,43): warning C4244:         with
D:\Users\c.bourgues\Desktop\Runner\Main project\SFML\Bumper.cpp(47,43): warning C4244:         [
D:\Users\c.bourgues\Desktop\Runner\Main project\SFML\Bumper.cpp(47,43): warning C4244:             T=float
D:\Users\c.bourgues\Desktop\Runner\Main project\SFML\Bumper.cpp(47,43): warning C4244:         ]
D:\Users\c.bourgues\Desktop\Runner\Main project\SFML\Bumper.cpp(52,74): warning C4244:  'argument' : conversion de 'const T' en 'int', perte possible de données
D:\Users\c.bourgues\Desktop\Runner\Main project\SFML\Bumper.cpp(52,74): warning C4244:         with
D:\Users\c.bourgues\Desktop\Runner\Main project\SFML\Bumper.cpp(52,74): warning C4244:         [
D:\Users\c.bourgues\Desktop\Runner\Main project\SFML\Bumper.cpp(52,74): warning C4244:             T=float
D:\Users\c.bourgues\Desktop\Runner\Main project\SFML\Bumper.cpp(52,74): warning C4244:         ]
D:\Users\c.bourgues\Desktop\Runner\Main project\SFML\Bumper.cpp(52,48): warning C4244:  'argument' : conversion de 'const T' en 'int', perte possible de données
D:\Users\c.bourgues\Desktop\Runner\Main project\SFML\Bumper.cpp(52,48): warning C4244:         with
D:\Users\c.bourgues\Desktop\Runner\Main project\SFML\Bumper.cpp(52,48): warning C4244:         [
D:\Users\c.bourgues\Desktop\Runner\Main project\SFML\Bumper.cpp(52,48): warning C4244:             T=float
D:\Users\c.bourgues\Desktop\Runner\Main project\SFML\Bumper.cpp(52,48): warning C4244:         ]
D:\Users\c.bourgues\Desktop\Runner\Main project\SFML\Bumper.cpp(52,148): warning C4244:  'argument' : conversion de 'const T' en 'int', perte possible de données
D:\Users\c.bourgues\Desktop\Runner\Main project\SFML\Bumper.cpp(52,148): warning C4244:         with
D:\Users\c.bourgues\Desktop\Runner\Main project\SFML\Bumper.cpp(52,148): warning C4244:         [
D:\Users\c.bourgues\Desktop\Runner\Main project\SFML\Bumper.cpp(52,148): warning C4244:             T=float
D:\Users\c.bourgues\Desktop\Runner\Main project\SFML\Bumper.cpp(52,148): warning C4244:         ]
D:\Users\c.bourgues\Desktop\Runner\Main project\SFML\Bumper.cpp(52,122): warning C4244:  'argument' : conversion de 'const T' en 'int', perte possible de données
D:\Users\c.bourgues\Desktop\Runner\Main project\SFML\Bumper.cpp(52,122): warning C4244:         with
D:\Users\c.bourgues\Desktop\Runner\Main project\SFML\Bumper.cpp(52,122): warning C4244:         [
D:\Users\c.bourgues\Desktop\Runner\Main project\SFML\Bumper.cpp(52,122): warning C4244:             T=float
D:\Users\c.bourgues\Desktop\Runner\Main project\SFML\Bumper.cpp(52,122): warning C4244:         ]
D:\Users\c.bourgues\Desktop\Runner\Main project\SFML\Bumper.cpp(56,74): warning C4244:  'argument' : conversion de 'const T' en 'int', perte possible de données
D:\Users\c.bourgues\Desktop\Runner\Main project\SFML\Bumper.cpp(56,74): warning C4244:         with
D:\Users\c.bourgues\Desktop\Runner\Main project\SFML\Bumper.cpp(56,74): warning C4244:         [
D:\Users\c.bourgues\Desktop\Runner\Main project\SFML\Bumper.cpp(56,74): warning C4244:             T=float
D:\Users\c.bourgues\Desktop\Runner\Main project\SFML\Bumper.cpp(56,74): warning C4244:         ]
D:\Users\c.bourgues\Desktop\Runner\Main project\SFML\Bumper.cpp(56,48): warning C4244:  'argument' : conversion de 'const T' en 'int', perte possible de données
D:\Users\c.bourgues\Desktop\Runner\Main project\SFML\Bumper.cpp(56,48): warning C4244:         with
D:\Users\c.bourgues\Desktop\Runner\Main project\SFML\Bumper.cpp(56,48): warning C4244:         [
D:\Users\c.bourgues\Desktop\Runner\Main project\SFML\Bumper.cpp(56,48): warning C4244:             T=float
D:\Users\c.bourgues\Desktop\Runner\Main project\SFML\Bumper.cpp(56,48): warning C4244:         ]
D:\Users\c.bourgues\Desktop\Runner\Main project\SFML\Bumper.cpp(56,148): warning C4244:  'argument' : conversion de 'const T' en 'int', perte possible de données
D:\Users\c.bourgues\Desktop\Runner\Main project\SFML\Bumper.cpp(56,148): warning C4244:         with
D:\Users\c.bourgues\Desktop\Runner\Main project\SFML\Bumper.cpp(56,148): warning C4244:         [
D:\Users\c.bourgues\Desktop\Runner\Main project\SFML\Bumper.cpp(56,148): warning C4244:             T=float
D:\Users\c.bourgues\Desktop\Runner\Main project\SFML\Bumper.cpp(56,148): warning C4244:         ]
  ExploRocket.cpp
D:\Users\c.bourgues\Desktop\Runner\Main project\SFML\Bumper.cpp(56,122): warning C4244:  'argument' : conversion de 'const T' en 'int', perte possible de données
D:\Users\c.bourgues\Desktop\Runner\Main project\SFML\Bumper.cpp(56,122): warning C4244:         with
D:\Users\c.bourgues\Desktop\Runner\Main project\SFML\Bumper.cpp(56,122): warning C4244:         [
D:\Users\c.bourgues\Desktop\Runner\Main project\SFML\Bumper.cpp(56,122): warning C4244:             T=float
D:\Users\c.bourgues\Desktop\Runner\Main project\SFML\Bumper.cpp(56,122): warning C4244:         ]
  Fx.cpp
  Génération de code en cours...
D:\Users\c.bourgues\Desktop\Runner\Main project\SFML\Caméra.h(80,21): warning C4305:  'initialisation' : troncation de 'double' à 'float'
sfml-graphics-d.lib(sfml-graphics-d-2.dll) : fatal error LNK1112: type d'ordinateur module 'x86' en conflit avec le type d'ordinateur cible 'x64'
