d:\users\b.bigot\desktop\verdict\main project\sfml\debug\vc142.pdb
d:\users\b.bigot\desktop\verdict\main project\sfml\debug\vc142.idb
d:\users\b.bigot\desktop\verdict\main project\sfml\debug\level_finished.obj
d:\users\b.bigot\desktop\verdict\main project\sfml\debug\levelselector.obj
d:\users\b.bigot\desktop\verdict\main project\sfml\debug\leveleditor.obj
d:\users\b.bigot\desktop\verdict\main project\sfml\debug\jeu.obj
d:\users\b.bigot\desktop\verdict\main project\sfml\debug\invicibility.obj
d:\users\b.bigot\desktop\verdict\main project\sfml\debug\intro.obj
d:\users\b.bigot\desktop\verdict\main project\sfml\debug\hudeditor.obj
d:\users\b.bigot\desktop\verdict\main project\sfml\debug\hud.obj
d:\users\b.bigot\desktop\verdict\main project\sfml\debug\gamemanager.obj
d:\users\b.bigot\desktop\verdict\main project\sfml\debug\fx.obj
d:\users\b.bigot\desktop\verdict\main project\sfml\debug\explorocket.obj
d:\users\b.bigot\desktop\verdict\main project\sfml\debug\credits.obj
d:\users\b.bigot\desktop\verdict\main project\sfml\debug\commandes.obj
d:\users\b.bigot\desktop\verdict\main project\sfml\debug\collects.obj
d:\users\b.bigot\desktop\verdict\main project\sfml\debug\chooseleveleditor.obj
d:\users\b.bigot\desktop\verdict\main project\sfml\debug\chargement.obj
d:\users\b.bigot\desktop\verdict\main project\sfml\debug\caméra.obj
d:\users\b.bigot\desktop\verdict\main project\sfml\debug\bumper.obj
d:\users\b.bigot\desktop\verdict\main project\sfml\debug\boosteffect.obj
d:\users\b.bigot\desktop\verdict\main project\sfml\debug\actualsong.obj
d:\users\b.bigot\desktop\verdict\main project\sfml\debug\main.obj
d:\users\b.bigot\desktop\verdict\main project\sfml\debug\transition.obj
d:\users\b.bigot\desktop\verdict\main project\sfml\debug\timerstart.obj
d:\users\b.bigot\desktop\verdict\main project\sfml\debug\smoke.obj
d:\users\b.bigot\desktop\verdict\main project\sfml\debug\sizeeditor.obj
d:\users\b.bigot\desktop\verdict\main project\sfml\debug\shockwave.obj
d:\users\b.bigot\desktop\verdict\main project\sfml\debug\scene.obj
d:\users\b.bigot\desktop\verdict\main project\sfml\debug\saveeditor.obj
d:\users\b.bigot\desktop\verdict\main project\sfml\debug\rocket.obj
d:\users\b.bigot\desktop\verdict\main project\sfml\debug\resourcemanager.obj
d:\users\b.bigot\desktop\verdict\main project\sfml\debug\playerselector.obj
d:\users\b.bigot\desktop\verdict\main project\sfml\debug\player.obj
d:\users\b.bigot\desktop\verdict\main project\sfml\debug\options.obj
d:\users\b.bigot\desktop\verdict\main project\sfml\debug\openleveleditor.obj
d:\users\b.bigot\desktop\verdict\main project\sfml\debug\oilflake.obj
d:\users\b.bigot\desktop\verdict\main project\sfml\debug\menu.obj
d:\users\b.bigot\desktop\verdict\main project\sfml\debug\map.obj
d:\users\b.bigot\desktop\verdict\main project\debug\sfml.exe
d:\users\b.bigot\desktop\verdict\main project\debug\sfml.ilk
d:\users\b.bigot\desktop\verdict\main project\debug\sfml.pdb
d:\users\b.bigot\desktop\verdict\main project\sfml\debug\sfml.tlog\cl.command.1.tlog
d:\users\b.bigot\desktop\verdict\main project\sfml\debug\sfml.tlog\cl.read.1.tlog
d:\users\b.bigot\desktop\verdict\main project\sfml\debug\sfml.tlog\cl.write.1.tlog
d:\users\b.bigot\desktop\verdict\main project\sfml\debug\sfml.tlog\link.command.1.tlog
d:\users\b.bigot\desktop\verdict\main project\sfml\debug\sfml.tlog\link.read.1.tlog
d:\users\b.bigot\desktop\verdict\main project\sfml\debug\sfml.tlog\link.write.1.tlog
